<?xml version="1.0" encoding="UTF-8"?>
<!-- Generated by org.testng.reporters.JUnitXMLReporter -->
<testsuite ignored="0" hostname="AzadSingh" failures="0" tests="3" name="Default test" time="4.042" errors="0" timestamp="2024-04-17T15:10:52 IST">
  <testcase classname="files.DynamicJson" name="addBook" time="2.834"/>
  <testcase classname="files.DynamicJson" name="addBook" time="0.578"/>
  <testcase classname="files.DynamicJson" name="addBook" time="0.561"/>
</testsuite> <!-- Default test -->
