<?xml version="1.0" encoding="UTF-8"?>
<testng-results ignored="0" total="3" passed="3" failed="0" skipped="0">
  <reporter-output>
  </reporter-output>
  <suite started-at="2024-04-17T15:10:48 IST" name="Default suite" finished-at="2024-04-17T15:10:52 IST" duration-ms="4042">
    <groups>
    </groups>
    <test started-at="2024-04-17T15:10:48 IST" name="Default test" finished-at="2024-04-17T15:10:52 IST" duration-ms="4042">
      <class name="files.DynamicJson">
        <test-method signature="addBook(java.lang.String,java.lang.String)[pri:0, instance:files.DynamicJson@6392827e]" started-at="2024-04-17T15:10:48 IST" name="addBook" data-provider="BooksData" finished-at="2024-04-17T15:10:51 IST" duration-ms="2834" status="PASS">
          <params>
            <param index="0">
              <value>
                <![CDATA[ojfty]]>
              </value>
            </param>
            <param index="1">
              <value>
                <![CDATA[2434]]>
              </value>
            </param>
          </params>
          <reporter-output>
          </reporter-output>
        </test-method> <!-- addBook -->
        <test-method signature="addBook(java.lang.String,java.lang.String)[pri:0, instance:files.DynamicJson@6392827e]" started-at="2024-04-17T15:10:51 IST" name="addBook" data-provider="BooksData" finished-at="2024-04-17T15:10:52 IST" duration-ms="578" status="PASS">
          <params>
            <param index="0">
              <value>
                <![CDATA[ojfyy]]>
              </value>
            </param>
            <param index="1">
              <value>
                <![CDATA[2436]]>
              </value>
            </param>
          </params>
          <reporter-output>
          </reporter-output>
        </test-method> <!-- addBook -->
        <test-method signature="addBook(java.lang.String,java.lang.String)[pri:0, instance:files.DynamicJson@6392827e]" started-at="2024-04-17T15:10:52 IST" name="addBook" data-provider="BooksData" finished-at="2024-04-17T15:10:52 IST" duration-ms="561" status="PASS">
          <params>
            <param index="0">
              <value>
                <![CDATA[oefty]]>
              </value>
            </param>
            <param index="1">
              <value>
                <![CDATA[2834]]>
              </value>
            </param>
          </params>
          <reporter-output>
          </reporter-output>
        </test-method> <!-- addBook -->
      </class> <!-- files.DynamicJson -->
    </test> <!-- Default test -->
  </suite> <!-- Default suite -->
</testng-results>
